Release 14.7 - xst P.20131013 (lin64)
Copyright (c) 1995-2013 Xilinx, Inc.  All rights reserved.
--> 
Parameter TMPDIR set to xst/projnav.tmp


Total REAL time to Xst completion: 0.00 secs
Total CPU time to Xst completion: 0.06 secs
 
--> 
Parameter xsthdpdir set to xst


Total REAL time to Xst completion: 0.00 secs
Total CPU time to Xst completion: 0.06 secs
 
--> 
Reading design: blinkled.prj

TABLE OF CONTENTS
  1) Synthesis Options Summary
  2) HDL Compilation
  3) Design Hierarchy Analysis
  4) HDL Analysis
  5) HDL Synthesis
     5.1) HDL Synthesis Report
  6) Advanced HDL Synthesis
     6.1) Advanced HDL Synthesis Report
  7) Low Level Synthesis
  8) Partition Report
  9) Final Report
	9.1) Device utilization summary
	9.2) Partition Resource Summary
	9.3) TIMING REPORT


=========================================================================
*                      Synthesis Options Summary                        *
=========================================================================
---- Source Parameters
Input File Name                    : "blinkled.prj"
Input Format                       : mixed
Ignore Synthesis Constraint File   : NO

---- Target Parameters
Output File Name                   : "blinkled"
Output Format                      : NGC
Target Device                      : xc3s700an-4-fgg484

---- Source Options
Top Module Name                    : blinkled
Automatic FSM Extraction           : YES
FSM Encoding Algorithm             : Auto
Safe Implementation                : No
FSM Style                          : LUT
RAM Extraction                     : Yes
RAM Style                          : Auto
ROM Extraction                     : Yes
Mux Style                          : Auto
Decoder Extraction                 : YES
Priority Encoder Extraction        : Yes
Shift Register Extraction          : YES
Logical Shifter Extraction         : YES
XOR Collapsing                     : YES
ROM Style                          : Auto
Mux Extraction                     : Yes
Resource Sharing                   : YES
Asynchronous To Synchronous        : NO
Multiplier Style                   : Auto
Automatic Register Balancing       : No

---- Target Options
Add IO Buffers                     : YES
Global Maximum Fanout              : 100000
Add Generic Clock Buffer(BUFG)     : 24
Register Duplication               : YES
Slice Packing                      : YES
Optimize Instantiated Primitives   : NO
Use Clock Enable                   : Yes
Use Synchronous Set                : Yes
Use Synchronous Reset              : Yes
Pack IO Registers into IOBs        : Auto
Equivalent register Removal        : YES

---- General Options
Optimization Goal                  : Speed
Optimization Effort                : 1
Keep Hierarchy                     : No
Netlist Hierarchy                  : As_Optimized
RTL Output                         : Yes
Global Optimization                : AllClockNets
Read Cores                         : YES
Write Timing Constraints           : NO
Cross Clock Analysis               : NO
Hierarchy Separator                : /
Bus Delimiter                      : <>
Case Specifier                     : Maintain
Slice Utilization Ratio            : 100
BRAM Utilization Ratio             : 100
Verilog 2001                       : YES
Auto BRAM Packing                  : NO
Slice Utilization Ratio Delta      : 5

=========================================================================


=========================================================================
*                          HDL Compilation                              *
=========================================================================
Compiling verilog file "shreg.v" in library work
Compiling verilog file "fsm.v" in library work
Module <shreg> compiled
Compiling verilog file "../clock_divider/clockdiv.v" in library work
Module <fsm> compiled
Compiling verilog file "blinkled.v" in library work
Module <clockdiv> compiled
Module <blinkled> compiled
No errors in compilation
Analysis of file <"blinkled.prj"> succeeded.
 

=========================================================================
*                     Design Hierarchy Analysis                         *
=========================================================================
Analyzing hierarchy for module <blinkled> in library <work>.

Analyzing hierarchy for module <clockdiv> in library <work> with parameters.
	div = "00000001011111010111100001000000"
	nbits = "00000000000000000000000000011001"

Analyzing hierarchy for module <fsm> in library <work> with parameters.
	idle = "00"
	s0 = "01"
	s1 = "10"
	s2 = "11"

Analyzing hierarchy for module <shreg> in library <work>.


=========================================================================
*                            HDL Analysis                               *
=========================================================================
Analyzing top module <blinkled>.
Module <blinkled> is correct for synthesis.
 
Analyzing module <clockdiv> in library <work>.
	div = 32'sb00000001011111010111100001000000
	nbits = 32'sb00000000000000000000000000011001
Module <clockdiv> is correct for synthesis.
 
Analyzing module <fsm> in library <work>.
	idle = 2'b00
	s0 = 2'b01
	s1 = 2'b10
	s2 = 2'b11
Module <fsm> is correct for synthesis.
 
Analyzing module <shreg> in library <work>.
Module <shreg> is correct for synthesis.
 

=========================================================================
*                           HDL Synthesis                               *
=========================================================================

Performing bidirectional port resolution...

Synthesizing Unit <clockdiv>.
    Related source file is "../clock_divider/clockdiv.v".
    Found 1-bit register for signal <slow_clk>.
    Found 25-bit up counter for signal <cnt>.
    Summary:
	inferred   1 Counter(s).
	inferred   1 D-type flip-flop(s).
Unit <clockdiv> synthesized.


Synthesizing Unit <fsm>.
    Related source file is "fsm.v".
INFO:Xst:2117 - HDL ADVISOR - Mux Selector <st> of Case statement line 40 was re-encoded using one-hot encoding. The case statement will be optimized (default statement optimization), but this optimization may lead to design initialization problems. To ensure the design works safely, you can:
   	- add an 'INIT' attribute on signal <st> (optimization is then done without any risk)
   	- use the attribute 'signal_encoding user' to avoid onehot optimization
   	- use the attribute 'safe_implementation yes' to force XST to perform a safe (but less efficient) optimization
    Found finite state machine <FSM_0> for signal <st>.
    -----------------------------------------------------------------------
    | States             | 4                                              |
    | Transitions        | 5                                              |
    | Inputs             | 1                                              |
    | Outputs            | 1                                              |
    | Clock              | clk                       (rising_edge)        |
    | Reset              | rst                       (positive)           |
    | Reset type         | asynchronous                                   |
    | Reset State        | 00                                             |
    | Encoding           | automatic                                      |
    | Implementation     | LUT                                            |
    -----------------------------------------------------------------------
    Summary:
	inferred   1 Finite State Machine(s).
Unit <fsm> synthesized.


Synthesizing Unit <shreg>.
    Related source file is "shreg.v".
    Found 8-bit register for signal <pout>.
    Summary:
	inferred   8 D-type flip-flop(s).
Unit <shreg> synthesized.


Synthesizing Unit <blinkled>.
    Related source file is "blinkled.v".
Unit <blinkled> synthesized.


=========================================================================
HDL Synthesis Report

Macro Statistics
# Counters                                             : 1
 25-bit up counter                                     : 1
# Registers                                            : 2
 1-bit register                                        : 1
 8-bit register                                        : 1

=========================================================================

=========================================================================
*                       Advanced HDL Synthesis                          *
=========================================================================

Analyzing FSM <FSM_0> for best encoding.
Optimizing FSM <controler/st/FSM> on signal <st[1:2]> with gray encoding.
-------------------
 State | Encoding
-------------------
 00    | 00
 01    | 01
 10    | 11
 11    | 10
-------------------

=========================================================================
Advanced HDL Synthesis Report

Macro Statistics
# FSMs                                                 : 1
# Counters                                             : 1
 25-bit up counter                                     : 1
# Registers                                            : 9
 Flip-Flops                                            : 9

=========================================================================

=========================================================================
*                         Low Level Synthesis                           *
=========================================================================

Optimizing unit <blinkled> ...

Optimizing unit <shreg> ...

Mapping all equations...
Building and optimizing final netlist ...
Found area constraint ratio of 100 (+ 5) on block blinkled, actual ratio is 0.

Final Macro Processing ...

=========================================================================
Final Register Report

Macro Statistics
# Registers                                            : 36
 Flip-Flops                                            : 36

=========================================================================

=========================================================================
*                           Partition Report                            *
=========================================================================

Partition Implementation Status
-------------------------------

  No Partitions were found in this design.

-------------------------------

=========================================================================
*                            Final Report                               *
=========================================================================
Final Results
RTL Top Level Output File Name     : blinkled.ngr
Top Level Output File Name         : blinkled
Output Format                      : NGC
Optimization Goal                  : Speed
Keep Hierarchy                     : No

Design Statistics
# IOs                              : 11

Cell Usage :
# BELS                             : 118
#      GND                         : 1
#      INV                         : 2
#      LUT1                        : 25
#      LUT2                        : 26
#      LUT3                        : 1
#      LUT4                        : 6
#      MUXCY                       : 31
#      VCC                         : 1
#      XORCY                       : 25
# FlipFlops/Latches                : 36
#      FDC                         : 35
#      FDCE                        : 1
# Clock Buffers                    : 1
#      BUFGP                       : 1
# IO Buffers                       : 10
#      IBUF                        : 2
#      OBUF                        : 8
=========================================================================

Device utilization summary:
---------------------------

Selected Device : 3s700anfgg484-4 

 Number of Slices:                       38  out of   5888     0%  
 Number of Slice Flip Flops:             36  out of  11776     0%  
 Number of 4 input LUTs:                 60  out of  11776     0%  
 Number of IOs:                          11
 Number of bonded IOBs:                  11  out of    372     2%  
 Number of GCLKs:                         1  out of     24     4%  

---------------------------
Partition Resource Summary:
---------------------------

  No Partitions were found in this design.

---------------------------


=========================================================================
TIMING REPORT

NOTE: THESE TIMING NUMBERS ARE ONLY A SYNTHESIS ESTIMATE.
      FOR ACCURATE TIMING INFORMATION PLEASE REFER TO THE TRACE REPORT
      GENERATED AFTER PLACE-and-ROUTE.

Clock Information:
------------------
-----------------------------------+----------------------------+-------+
Clock Signal                       | Clock buffer(FF name)      | Load  |
-----------------------------------+----------------------------+-------+
clk                                | BUFGP                      | 26    |
clock_divider/slow_clk             | NONE(controler/st_FSM_FFd1)| 10    |
-----------------------------------+----------------------------+-------+
INFO:Xst:2169 - HDL ADVISOR - Some clock signals were not automatically buffered by XST with BUFG/BUFR resources. Please use the buffer_type constraint in order to insert these buffers to the clock signals to help prevent skew problems.

Asynchronous Control Signals Information:
----------------------------------------
-----------------------------------+------------------------+-------+
Control Signal                     | Buffer(FF name)        | Load  |
-----------------------------------+------------------------+-------+
rst                                | IBUF                   | 36    |
-----------------------------------+------------------------+-------+

Timing Summary:
---------------
Speed Grade: -4

   Minimum period: 6.130ns (Maximum Frequency: 163.132MHz)
   Minimum input arrival time before clock: 2.201ns
   Maximum output required time after clock: 5.558ns
   Maximum combinational path delay: No path found

Timing Detail:
--------------
All values displayed in nanoseconds (ns)

=========================================================================
Timing constraint: Default period analysis for Clock 'clk'
  Clock period: 6.130ns (frequency: 163.132MHz)
  Total number of paths / destination ports: 976 / 27
-------------------------------------------------------------------------
Delay:               6.130ns (Levels of Logic = 26)
  Source:            clock_divider/cnt_1 (FF)
  Destination:       clock_divider/cnt_24 (FF)
  Source Clock:      clk rising
  Destination Clock: clk rising

  Data Path: clock_divider/cnt_1 to clock_divider/cnt_24
                                Gate     Net
    Cell:in->out      fanout   Delay   Delay  Logical Name (Net Name)
    ----------------------------------------  ------------
     FDC:C->Q              2   0.591   0.590  clock_divider/cnt_1 (clock_divider/cnt_1)
     LUT1:I0->O            1   0.648   0.000  clock_divider/Mcount_cnt_cy<1>_rt (clock_divider/Mcount_cnt_cy<1>_rt)
     MUXCY:S->O            1   0.632   0.000  clock_divider/Mcount_cnt_cy<1> (clock_divider/Mcount_cnt_cy<1>)
     MUXCY:CI->O           1   0.065   0.000  clock_divider/Mcount_cnt_cy<2> (clock_divider/Mcount_cnt_cy<2>)
     MUXCY:CI->O           1   0.065   0.000  clock_divider/Mcount_cnt_cy<3> (clock_divider/Mcount_cnt_cy<3>)
     MUXCY:CI->O           1   0.065   0.000  clock_divider/Mcount_cnt_cy<4> (clock_divider/Mcount_cnt_cy<4>)
     MUXCY:CI->O           1   0.065   0.000  clock_divider/Mcount_cnt_cy<5> (clock_divider/Mcount_cnt_cy<5>)
     MUXCY:CI->O           1   0.065   0.000  clock_divider/Mcount_cnt_cy<6> (clock_divider/Mcount_cnt_cy<6>)
     MUXCY:CI->O           1   0.065   0.000  clock_divider/Mcount_cnt_cy<7> (clock_divider/Mcount_cnt_cy<7>)
     MUXCY:CI->O           1   0.065   0.000  clock_divider/Mcount_cnt_cy<8> (clock_divider/Mcount_cnt_cy<8>)
     MUXCY:CI->O           1   0.065   0.000  clock_divider/Mcount_cnt_cy<9> (clock_divider/Mcount_cnt_cy<9>)
     MUXCY:CI->O           1   0.065   0.000  clock_divider/Mcount_cnt_cy<10> (clock_divider/Mcount_cnt_cy<10>)
     MUXCY:CI->O           1   0.065   0.000  clock_divider/Mcount_cnt_cy<11> (clock_divider/Mcount_cnt_cy<11>)
     MUXCY:CI->O           1   0.065   0.000  clock_divider/Mcount_cnt_cy<12> (clock_divider/Mcount_cnt_cy<12>)
     MUXCY:CI->O           1   0.065   0.000  clock_divider/Mcount_cnt_cy<13> (clock_divider/Mcount_cnt_cy<13>)
     MUXCY:CI->O           1   0.065   0.000  clock_divider/Mcount_cnt_cy<14> (clock_divider/Mcount_cnt_cy<14>)
     MUXCY:CI->O           1   0.065   0.000  clock_divider/Mcount_cnt_cy<15> (clock_divider/Mcount_cnt_cy<15>)
     MUXCY:CI->O           1   0.065   0.000  clock_divider/Mcount_cnt_cy<16> (clock_divider/Mcount_cnt_cy<16>)
     MUXCY:CI->O           1   0.065   0.000  clock_divider/Mcount_cnt_cy<17> (clock_divider/Mcount_cnt_cy<17>)
     MUXCY:CI->O           1   0.065   0.000  clock_divider/Mcount_cnt_cy<18> (clock_divider/Mcount_cnt_cy<18>)
     MUXCY:CI->O           1   0.065   0.000  clock_divider/Mcount_cnt_cy<19> (clock_divider/Mcount_cnt_cy<19>)
     MUXCY:CI->O           1   0.065   0.000  clock_divider/Mcount_cnt_cy<20> (clock_divider/Mcount_cnt_cy<20>)
     MUXCY:CI->O           1   0.065   0.000  clock_divider/Mcount_cnt_cy<21> (clock_divider/Mcount_cnt_cy<21>)
     MUXCY:CI->O           1   0.065   0.000  clock_divider/Mcount_cnt_cy<22> (clock_divider/Mcount_cnt_cy<22>)
     MUXCY:CI->O           0   0.065   0.000  clock_divider/Mcount_cnt_cy<23> (clock_divider/Mcount_cnt_cy<23>)
     XORCY:CI->O           1   0.844   0.500  clock_divider/Mcount_cnt_xor<24> (Result<24>)
     LUT2:I1->O            1   0.643   0.000  clock_divider/Mcount_cnt_eqn_241 (clock_divider/Mcount_cnt_eqn_24)
     FDC:D                     0.252          clock_divider/cnt_24
    ----------------------------------------
    Total                      6.130ns (5.040ns logic, 1.090ns route)
                                       (82.2% logic, 17.8% route)

=========================================================================
Timing constraint: Default period analysis for Clock 'clock_divider/slow_clk'
  Clock period: 2.165ns (frequency: 461.894MHz)
  Total number of paths / destination ports: 12 / 10
-------------------------------------------------------------------------
Delay:               2.165ns (Levels of Logic = 1)
  Source:            controler/st_FSM_FFd2 (FF)
  Destination:       register/pout_0 (FF)
  Source Clock:      clock_divider/slow_clk rising
  Destination Clock: clock_divider/slow_clk rising

  Data Path: controler/st_FSM_FFd2 to register/pout_0
                                Gate     Net
    Cell:in->out      fanout   Delay   Delay  Logical Name (Net Name)
    ----------------------------------------  ------------
     FDC:C->Q              3   0.591   0.674  controler/st_FSM_FFd2 (controler/st_FSM_FFd2)
     LUT2:I0->O            1   0.648   0.000  controler/st_FSM_Out01 (imp3)
     FDC:D                     0.252          register/pout_0
    ----------------------------------------
    Total                      2.165ns (1.491ns logic, 0.674ns route)
                                       (68.9% logic, 31.1% route)

=========================================================================
Timing constraint: Default OFFSET IN BEFORE for Clock 'clock_divider/slow_clk'
  Total number of paths / destination ports: 1 / 1
-------------------------------------------------------------------------
Offset:              2.201ns (Levels of Logic = 2)
  Source:            start (PAD)
  Destination:       controler/st_FSM_FFd2 (FF)
  Destination Clock: clock_divider/slow_clk rising

  Data Path: start to controler/st_FSM_FFd2
                                Gate     Net
    Cell:in->out      fanout   Delay   Delay  Logical Name (Net Name)
    ----------------------------------------  ------------
     IBUF:I->O             1   0.849   0.452  start_IBUF (start_IBUF)
     LUT3:I2->O            1   0.648   0.000  controler/st_FSM_FFd2-In1 (controler/st_FSM_FFd2-In)
     FDC:D                     0.252          controler/st_FSM_FFd2
    ----------------------------------------
    Total                      2.201ns (1.749ns logic, 0.452ns route)
                                       (79.5% logic, 20.5% route)

=========================================================================
Timing constraint: Default OFFSET OUT AFTER for Clock 'clock_divider/slow_clk'
  Total number of paths / destination ports: 8 / 8
-------------------------------------------------------------------------
Offset:              5.558ns (Levels of Logic = 1)
  Source:            register/pout_6 (FF)
  Destination:       leds<6> (PAD)
  Source Clock:      clock_divider/slow_clk rising

  Data Path: register/pout_6 to leds<6>
                                Gate     Net
    Cell:in->out      fanout   Delay   Delay  Logical Name (Net Name)
    ----------------------------------------  ------------
     FDC:C->Q              2   0.591   0.447  register/pout_6 (register/pout_6)
     OBUF:I->O                 4.520          leds_6_OBUF (leds<6>)
    ----------------------------------------
    Total                      5.558ns (5.111ns logic, 0.447ns route)
                                       (92.0% logic, 8.0% route)

=========================================================================


Total REAL time to Xst completion: 5.00 secs
Total CPU time to Xst completion: 5.21 secs
 
--> 


Total memory usage is 512012 kilobytes

Number of errors   :    0 (   0 filtered)
Number of warnings :    0 (   0 filtered)
Number of infos    :    2 (   0 filtered)

